<?xml version="1.0" encoding="UTF-8"?>
<Site BuildName="(empty)"
	BuildStamp="20251221-0531-Experimental"
	Name="(empty)"
	Generator="ctest-4.1.2"
	CompilerName=""
	CompilerVersion=""
	OSName="Windows"
	Hostname="WIN-G0MS5F73Q3A"
	OSRelease=" Professional"
	OSVersion=" (Build 26100)"
	OSPlatform="AMD64"
	Is64Bits="1"
	VendorString="AuthenticAMD"
	VendorID="Advanced Micro Devices"
	FamilyID="15"
	ModelID="4"
	ModelName="AMD Ryzen 9 9900X 12-Core Processor"
	ProcessorCacheSize="80"
	NumberOfLogicalCPU="24"
	NumberOfPhysicalCPU="12"
	TotalVirtualMemory="107721"
	TotalPhysicalMemory="95800"
	LogicalProcessorsPerPhysical="2"
	ProcessorClockFrequency="4400"
	>
	<Testing>
		<StartDateTime>Dec 21 13:31 [NON-UTF-8-BYTE-0xD6]й[NON-UTF-8-BYTE-0xFA][NON-UTF-8-BYTE-0xB1][NON-UTF-8-BYTE-0xEA]׼ʱ[NON-UTF-8-BYTE-0xBC][NON-UTF-8-BYTE-0xE4]</StartDateTime>
		<StartTestTime>1766295106</StartTestTime>
		<TestList/>
		<EndDateTime>Dec 21 13:31 [NON-UTF-8-BYTE-0xD6]й[NON-UTF-8-BYTE-0xFA][NON-UTF-8-BYTE-0xB1][NON-UTF-8-BYTE-0xEA]׼ʱ[NON-UTF-8-BYTE-0xBC][NON-UTF-8-BYTE-0xE4]</EndDateTime>
		<EndTestTime>1766295106</EndTestTime>
		<ElapsedMinutes>0</ElapsedMinutes>
	</Testing>
</Site>
